<?xml version="1.0" encoding="UTF-8"?>
<!-- Generated by org.testng.reporters.JUnitXMLReporter -->
<testsuite ignored="0" hostname="DESKTOP-J77L1O0" failures="0" tests="7" name="Test" time="271.718" errors="0" timestamp="2023-02-21T09:40:37 IST">
  <testcase classname="com.Test.Art_and_Photography_Test" name="Art_and_Photography_Post" time="11.889"/>
  <testcase classname="com.Test.BookSwagan_HomePageTest" name="BookSwagan_Home_Post" time="9.999"/>
  <testcase classname="com.Test.Biographies_and_MemoirsPageTest" name="Biographies_and_Memoirs_Post" time="97.271"/>
  <testcase classname="com.Test.LoginPageTest" name="validLoginPagewithConfigDataTest" time="2.248"/>
  <testcase classname="com.Test.Literature_and_literary_StudiesPageTest" name="Literature_and_literary_Studies_Post" time="14.946"/>
  <testcase classname="com.Test.New_Arrivals_Test" name="New_Arrivals_Post" time="13.405"/>
  <testcase classname="com.Test.Dictionaries_and_languagesPageTest" name="Dictionaries_and_languages_Post" time="5.038"/>
</testsuite> <!-- Test -->
