<?xml version="1.0" encoding="UTF-8"?>
<testng-results ignored="0" total="7" passed="7" failed="0" skipped="0">
  <reporter-output>
  </reporter-output>
  <suite started-at="2023-02-21T09:36:06 IST" name="Suite" finished-at="2023-02-21T09:40:37 IST" duration-ms="271718">
    <groups>
    </groups>
    <test started-at="2023-02-21T09:36:06 IST" name="Test" finished-at="2023-02-21T09:40:37 IST" duration-ms="271718">
      <class name="com.Test.LoginPageTest">
        <test-method is-config="true" signature="triggerDriver()[pri:0, instance:com.Test.LoginPageTest@5d465e4b]" started-at="2023-02-21T09:38:55 IST" name="triggerDriver" finished-at="2023-02-21T09:39:05 IST" duration-ms="10007" status="PASS">
          <reporter-output>
          </reporter-output>
        </test-method> <!-- triggerDriver -->
        <test-method signature="validLoginPagewithConfigDataTest()[pri:0, instance:com.Test.LoginPageTest@5d465e4b]" started-at="2023-02-21T09:39:05 IST" name="validLoginPagewithConfigDataTest" finished-at="2023-02-21T09:39:07 IST" duration-ms="2248" status="PASS">
          <reporter-output>
          </reporter-output>
        </test-method> <!-- validLoginPagewithConfigDataTest -->
        <test-method is-config="true" signature="terminateDriver()[pri:0, instance:com.Test.LoginPageTest@5d465e4b]" started-at="2023-02-21T09:39:07 IST" name="terminateDriver" finished-at="2023-02-21T09:39:15 IST" duration-ms="7274" status="PASS">
          <reporter-output>
          </reporter-output>
        </test-method> <!-- terminateDriver -->
      </class> <!-- com.Test.LoginPageTest -->
      <class name="com.Test.Biographies_and_MemoirsPageTest">
        <test-method is-config="true" signature="triggerDriver()[pri:0, instance:com.Test.Biographies_and_MemoirsPageTest@6273c5a4]" started-at="2023-02-21T09:37:00 IST" name="triggerDriver" finished-at="2023-02-21T09:37:10 IST" duration-ms="10105" status="PASS">
          <reporter-output>
          </reporter-output>
        </test-method> <!-- triggerDriver -->
        <test-method signature="Biographies_and_Memoirs_Post()[pri:0, instance:com.Test.Biographies_and_MemoirsPageTest@6273c5a4]" started-at="2023-02-21T09:37:10 IST" name="Biographies_and_Memoirs_Post" finished-at="2023-02-21T09:38:48 IST" duration-ms="97271" status="PASS">
          <reporter-output>
          </reporter-output>
        </test-method> <!-- Biographies_and_Memoirs_Post -->
        <test-method is-config="true" signature="terminateDriver()[pri:0, instance:com.Test.Biographies_and_MemoirsPageTest@6273c5a4]" started-at="2023-02-21T09:38:48 IST" name="terminateDriver" finished-at="2023-02-21T09:38:55 IST" duration-ms="7326" status="PASS">
          <reporter-output>
          </reporter-output>
        </test-method> <!-- terminateDriver -->
      </class> <!-- com.Test.Biographies_and_MemoirsPageTest -->
      <class name="com.Test.BookSwagan_HomePageTest">
        <test-method is-config="true" signature="triggerDriver()[pri:0, instance:com.Test.BookSwagan_HomePageTest@5f2f577]" started-at="2023-02-21T09:36:35 IST" name="triggerDriver" finished-at="2023-02-21T09:36:45 IST" duration-ms="9645" status="PASS">
          <reporter-output>
          </reporter-output>
        </test-method> <!-- triggerDriver -->
        <test-method signature="BookSwagan_Home_Post()[pri:0, instance:com.Test.BookSwagan_HomePageTest@5f2f577]" started-at="2023-02-21T09:36:45 IST" name="BookSwagan_Home_Post" finished-at="2023-02-21T09:36:55 IST" duration-ms="9999" status="PASS">
          <reporter-output>
          </reporter-output>
        </test-method> <!-- BookSwagan_Home_Post -->
        <test-method is-config="true" signature="terminateDriver()[pri:0, instance:com.Test.BookSwagan_HomePageTest@5f2f577]" started-at="2023-02-21T09:36:55 IST" name="terminateDriver" finished-at="2023-02-21T09:37:00 IST" duration-ms="5271" status="PASS">
          <reporter-output>
          </reporter-output>
        </test-method> <!-- terminateDriver -->
      </class> <!-- com.Test.BookSwagan_HomePageTest -->
      <class name="com.Test.Literature_and_literary_StudiesPageTest">
        <test-method is-config="true" signature="triggerDriver()[pri:0, instance:com.Test.Literature_and_literary_StudiesPageTest@53e211ee]" started-at="2023-02-21T09:39:15 IST" name="triggerDriver" finished-at="2023-02-21T09:39:24 IST" duration-ms="9161" status="PASS">
          <reporter-output>
          </reporter-output>
        </test-method> <!-- triggerDriver -->
        <test-method signature="Literature_and_literary_Studies_Post()[pri:0, instance:com.Test.Literature_and_literary_StudiesPageTest@53e211ee]" started-at="2023-02-21T09:39:24 IST" name="Literature_and_literary_Studies_Post" finished-at="2023-02-21T09:39:39 IST" duration-ms="14946" status="PASS">
          <reporter-output>
          </reporter-output>
        </test-method> <!-- Literature_and_literary_Studies_Post -->
        <test-method is-config="true" signature="terminateDriver()[pri:0, instance:com.Test.Literature_and_literary_StudiesPageTest@53e211ee]" started-at="2023-02-21T09:39:39 IST" name="terminateDriver" finished-at="2023-02-21T09:39:46 IST" duration-ms="7359" status="PASS">
          <reporter-output>
          </reporter-output>
        </test-method> <!-- terminateDriver -->
      </class> <!-- com.Test.Literature_and_literary_StudiesPageTest -->
      <class name="com.Test.Art_and_Photography_Test">
        <test-method is-config="true" signature="triggerDriver()[pri:0, instance:com.Test.Art_and_Photography_Test@611df6e3]" started-at="2023-02-21T09:36:06 IST" name="triggerDriver" finished-at="2023-02-21T09:36:16 IST" duration-ms="10083" status="PASS">
          <reporter-output>
          </reporter-output>
        </test-method> <!-- triggerDriver -->
        <test-method signature="Art_and_Photography_Post()[pri:0, instance:com.Test.Art_and_Photography_Test@611df6e3]" started-at="2023-02-21T09:36:16 IST" name="Art_and_Photography_Post" finished-at="2023-02-21T09:36:28 IST" duration-ms="11889" status="PASS">
          <reporter-output>
          </reporter-output>
        </test-method> <!-- Art_and_Photography_Post -->
        <test-method is-config="true" signature="terminateDriver()[pri:0, instance:com.Test.Art_and_Photography_Test@611df6e3]" started-at="2023-02-21T09:36:28 IST" name="terminateDriver" finished-at="2023-02-21T09:36:35 IST" duration-ms="7489" status="PASS">
          <reporter-output>
          </reporter-output>
        </test-method> <!-- terminateDriver -->
      </class> <!-- com.Test.Art_and_Photography_Test -->
      <class name="com.Test.New_Arrivals_Test">
        <test-method is-config="true" signature="triggerDriver()[pri:0, instance:com.Test.New_Arrivals_Test@41a90fa8]" started-at="2023-02-21T09:39:46 IST" name="triggerDriver" finished-at="2023-02-21T09:39:55 IST" duration-ms="9317" status="PASS">
          <reporter-output>
          </reporter-output>
        </test-method> <!-- triggerDriver -->
        <test-method signature="New_Arrivals_Post()[pri:0, instance:com.Test.New_Arrivals_Test@41a90fa8]" started-at="2023-02-21T09:39:55 IST" name="New_Arrivals_Post" finished-at="2023-02-21T09:40:09 IST" duration-ms="13405" status="PASS">
          <reporter-output>
          </reporter-output>
        </test-method> <!-- New_Arrivals_Post -->
        <test-method is-config="true" signature="terminateDriver()[pri:0, instance:com.Test.New_Arrivals_Test@41a90fa8]" started-at="2023-02-21T09:40:09 IST" name="terminateDriver" finished-at="2023-02-21T09:40:16 IST" duration-ms="7346" status="PASS">
          <reporter-output>
          </reporter-output>
        </test-method> <!-- terminateDriver -->
      </class> <!-- com.Test.New_Arrivals_Test -->
      <class name="com.Test.Dictionaries_and_languagesPageTest">
        <test-method is-config="true" signature="triggerDriver()[pri:0, instance:com.Test.Dictionaries_and_languagesPageTest@3d8bbcdc]" started-at="2023-02-21T09:40:16 IST" name="triggerDriver" finished-at="2023-02-21T09:40:25 IST" duration-ms="8973" status="PASS">
          <reporter-output>
          </reporter-output>
        </test-method> <!-- triggerDriver -->
        <test-method signature="Dictionaries_and_languages_Post()[pri:0, instance:com.Test.Dictionaries_and_languagesPageTest@3d8bbcdc]" started-at="2023-02-21T09:40:25 IST" name="Dictionaries_and_languages_Post" finished-at="2023-02-21T09:40:30 IST" duration-ms="5038" status="PASS">
          <reporter-output>
          </reporter-output>
        </test-method> <!-- Dictionaries_and_languages_Post -->
        <test-method is-config="true" signature="terminateDriver()[pri:0, instance:com.Test.Dictionaries_and_languagesPageTest@3d8bbcdc]" started-at="2023-02-21T09:40:30 IST" name="terminateDriver" finished-at="2023-02-21T09:40:37 IST" duration-ms="7284" status="PASS">
          <reporter-output>
          </reporter-output>
        </test-method> <!-- terminateDriver -->
      </class> <!-- com.Test.Dictionaries_and_languagesPageTest -->
    </test> <!-- Test -->
  </suite> <!-- Suite -->
</testng-results>
